Started GET "/" for 127.0.0.1 at 2021-03-25 19:51:24 +0200
  [1m[35m (2.7ms)[0m  [1m[34mSELECT sqlite_version(*)[0m
Started GET "/" for 127.0.0.1 at 2021-03-25 19:51:24 +0200
Processing by Rails::WelcomeController#index as HTML
Processing by Rails::WelcomeController#index as HTML
  Rendering /home/dean/.rvm/gems/ruby-2.7.0/gems/railties-6.1.3/lib/rails/templates/rails/welcome/index.html.erb
  Rendering /home/dean/.rvm/gems/ruby-2.7.0/gems/railties-6.1.3/lib/rails/templates/rails/welcome/index.html.erb
  Rendered /home/dean/.rvm/gems/ruby-2.7.0/gems/railties-6.1.3/lib/rails/templates/rails/welcome/index.html.erb (Duration: 53.7ms | Allocations: 526)
Completed 200 OK in 310ms (Views: 214.7ms | ActiveRecord: 0.0ms | Allocations: 4611)


  Rendered /home/dean/.rvm/gems/ruby-2.7.0/gems/railties-6.1.3/lib/rails/templates/rails/welcome/index.html.erb (Duration: 57.4ms | Allocations: 575)
Completed 200 OK in 380ms (Views: 243.6ms | ActiveRecord: 0.0ms | Allocations: 4966)


Started GET "/about" for 127.0.0.1 at 2021-03-25 20:52:34 +0200
Processing by AboutController#index as HTML
  Rendering layout layouts/application.html.erb
  Rendering about/index.html.erb within layouts/application
  Rendered about/index.html.erb within layouts/application (Duration: 0.4ms | Allocations: 113)
[Webpacker] Compiling...
[Webpacker] Compiled all packs in /home/dean/Documents/github/scheduled_tweets/public/packs
[Webpacker] Hash: e332c6419728fac579d5
Version: webpack 4.46.0
Time: 7155ms
Built at: 03/25/2021 8:52:46 PM
                                     Asset       Size       Chunks                         Chunk Names
    js/application-f826770d917d8a37c1d8.js    125 KiB  application  [emitted] [immutable]  application
js/application-f826770d917d8a37c1d8.js.map    139 KiB  application  [emitted] [dev]        application
                             manifest.json  364 bytes               [emitted]              
Entrypoint application = js/application-f826770d917d8a37c1d8.js js/application-f826770d917d8a37c1d8.js.map
[./app/javascript/channels sync recursive _channel\.js$] ./app/javascript/channels sync _channel\.js$ 160 bytes {application} [built]
[./app/javascript/channels/index.js] 211 bytes {application} [built]
[./app/javascript/packs/application.js] 492 bytes {application} [built]
[./node_modules/webpack/buildin/module.js] (webpack)/buildin/module.js 552 bytes {application} [built]
    + 3 hidden modules

  Rendered layout layouts/application.html.erb (Duration: 11457.2ms | Allocations: 10839)
Completed 200 OK in 11470ms (Views: 11469.0ms | Allocations: 12077)


Started GET "/" for 127.0.0.1 at 2021-03-25 21:32:37 +0200
  
SyntaxError (/home/dean/Documents/github/scheduled_tweets/config/routes.rb:10: syntax error, unexpected local variable or method, expecting `end'
  get "/" to: "main#index"
          ^~
):
  
config/routes.rb:10: syntax error, unexpected local variable or method, expecting `end'
config/routes.rb:10: syntax error, unexpected local variable or method, expecting `end'
config/routes.rb:10: syntax error, unexpected local variable or method, expecting `end'
Started GET "/" for 127.0.0.1 at 2021-03-25 21:37:28 +0200
  
SyntaxError (/home/dean/Documents/github/scheduled_tweets/config/routes.rb:10: syntax error, unexpected local variable or method, expecting `end'
  root "/" to: "main#index"
           ^~
):
  
config/routes.rb:10: syntax error, unexpected local variable or method, expecting `end'
config/routes.rb:10: syntax error, unexpected local variable or method, expecting `end'
config/routes.rb:10: syntax error, unexpected local variable or method, expecting `end'
Started GET "/" for 127.0.0.1 at 2021-03-25 21:39:02 +0200
  [1m[35m (1.1ms)[0m  [1m[34mSELECT sqlite_version(*)[0m
  
Zeitwerk::NameError (expected file /home/dean/Documents/github/scheduled_tweets/app/controllers/main_controller.rb to define constant MainController, but didn't):
  
zeitwerk (2.4.2) lib/zeitwerk/loader/callbacks.rb:18:in `on_file_autoloaded'
zeitwerk (2.4.2) lib/zeitwerk/kernel.rb:27:in `block in require'
<internal:kernel>:90:in `tap'
zeitwerk (2.4.2) lib/zeitwerk/kernel.rb:26:in `require'
activesupport (6.1.3) lib/active_support/inflector/methods.rb:274:in `const_get'
activesupport (6.1.3) lib/active_support/inflector/methods.rb:274:in `constantize'
activesupport (6.1.3) lib/active_support/dependencies/zeitwerk_integration.rb:19:in `constantize'
actionpack (6.1.3) lib/action_dispatch/http/request.rb:93:in `controller_class_for'
actionpack (6.1.3) lib/action_dispatch/request/utils.rb:95:in `action_encoding_template'
actionpack (6.1.3) lib/action_dispatch/request/utils.rb:83:in `encode'
actionpack (6.1.3) lib/action_dispatch/request/utils.rb:45:in `set_binary_encoding'
actionpack (6.1.3) lib/action_dispatch/http/parameters.rb:68:in `path_parameters='
actionpack (6.1.3) lib/action_dispatch/journey/router.rb:48:in `block in serve'
actionpack (6.1.3) lib/action_dispatch/journey/router.rb:32:in `each'
actionpack (6.1.3) lib/action_dispatch/journey/router.rb:32:in `serve'
actionpack (6.1.3) lib/action_dispatch/routing/route_set.rb:842:in `call'
rack (2.2.3) lib/rack/tempfile_reaper.rb:15:in `call'
rack (2.2.3) lib/rack/etag.rb:27:in `call'
rack (2.2.3) lib/rack/conditional_get.rb:27:in `call'
rack (2.2.3) lib/rack/head.rb:12:in `call'
actionpack (6.1.3) lib/action_dispatch/http/permissions_policy.rb:22:in `call'
actionpack (6.1.3) lib/action_dispatch/http/content_security_policy.rb:18:in `call'
rack (2.2.3) lib/rack/session/abstract/id.rb:266:in `context'
rack (2.2.3) lib/rack/session/abstract/id.rb:260:in `call'
actionpack (6.1.3) lib/action_dispatch/middleware/cookies.rb:689:in `call'
activerecord (6.1.3) lib/active_record/migration.rb:601:in `call'
actionpack (6.1.3) lib/action_dispatch/middleware/callbacks.rb:27:in `block in call'
activesupport (6.1.3) lib/active_support/callbacks.rb:98:in `run_callbacks'
actionpack (6.1.3) lib/action_dispatch/middleware/callbacks.rb:26:in `call'
actionpack (6.1.3) lib/action_dispatch/middleware/executor.rb:14:in `call'
actionpack (6.1.3) lib/action_dispatch/middleware/actionable_exceptions.rb:18:in `call'
actionpack (6.1.3) lib/action_dispatch/middleware/debug_exceptions.rb:29:in `call'
web-console (4.1.0) lib/web_console/middleware.rb:132:in `call_app'
web-console (4.1.0) lib/web_console/middleware.rb:28:in `block in call'
web-console (4.1.0) lib/web_console/middleware.rb:17:in `catch'
web-console (4.1.0) lib/web_console/middleware.rb:17:in `call'
actionpack (6.1.3) lib/action_dispatch/middleware/show_exceptions.rb:33:in `call'
railties (6.1.3) lib/rails/rack/logger.rb:37:in `call_app'
railties (6.1.3) lib/rails/rack/logger.rb:26:in `block in call'
activesupport (6.1.3) lib/active_support/tagged_logging.rb:99:in `block in tagged'
activesupport (6.1.3) lib/active_support/tagged_logging.rb:37:in `tagged'
activesupport (6.1.3) lib/active_support/tagged_logging.rb:99:in `tagged'
railties (6.1.3) lib/rails/rack/logger.rb:26:in `call'
sprockets-rails (3.2.2) lib/sprockets/rails/quiet_assets.rb:13:in `call'
actionpack (6.1.3) lib/action_dispatch/middleware/remote_ip.rb:81:in `call'
actionpack (6.1.3) lib/action_dispatch/middleware/request_id.rb:26:in `call'
rack (2.2.3) lib/rack/method_override.rb:24:in `call'
rack (2.2.3) lib/rack/runtime.rb:22:in `call'
activesupport (6.1.3) lib/active_support/cache/strategy/local_cache_middleware.rb:29:in `call'
actionpack (6.1.3) lib/action_dispatch/middleware/executor.rb:14:in `call'
actionpack (6.1.3) lib/action_dispatch/middleware/static.rb:24:in `call'
rack (2.2.3) lib/rack/sendfile.rb:110:in `call'
actionpack (6.1.3) lib/action_dispatch/middleware/host_authorization.rb:98:in `call'
rack-mini-profiler (2.3.1) lib/mini_profiler/profiler.rb:373:in `call'
webpacker (5.2.1) lib/webpacker/dev_server_proxy.rb:25:in `perform_request'
rack-proxy (0.6.5) lib/rack/proxy.rb:57:in `call'
railties (6.1.3) lib/rails/engine.rb:539:in `call'
puma (5.2.2) lib/puma/configuration.rb:248:in `call'
puma (5.2.2) lib/puma/request.rb:76:in `block in handle_request'
puma (5.2.2) lib/puma/thread_pool.rb:337:in `with_force_shutdown'
puma (5.2.2) lib/puma/request.rb:75:in `handle_request'
puma (5.2.2) lib/puma/server.rb:431:in `process_client'
puma (5.2.2) lib/puma/thread_pool.rb:145:in `block in spawn_thread'
Started GET "/" for 127.0.0.1 at 2021-03-25 21:51:15 +0200
  
ActionController::RoutingError (uninitialized constant MainController
Did you mean?  ActionController):
  
Started GET "/" for 127.0.0.1 at 2021-03-25 21:51:31 +0200
  [1m[35m (3.7ms)[0m  [1m[34mSELECT sqlite_version(*)[0m
  
Zeitwerk::NameError (expected file /home/dean/Documents/github/scheduled_tweets/app/controllers/main_controller.rb to define constant MainController, but didn't):
  
zeitwerk (2.4.2) lib/zeitwerk/loader/callbacks.rb:18:in `on_file_autoloaded'
zeitwerk (2.4.2) lib/zeitwerk/kernel.rb:27:in `block in require'
<internal:kernel>:90:in `tap'
zeitwerk (2.4.2) lib/zeitwerk/kernel.rb:26:in `require'
activesupport (6.1.3) lib/active_support/inflector/methods.rb:274:in `const_get'
activesupport (6.1.3) lib/active_support/inflector/methods.rb:274:in `constantize'
activesupport (6.1.3) lib/active_support/dependencies/zeitwerk_integration.rb:19:in `constantize'
actionpack (6.1.3) lib/action_dispatch/http/request.rb:93:in `controller_class_for'
actionpack (6.1.3) lib/action_dispatch/request/utils.rb:95:in `action_encoding_template'
actionpack (6.1.3) lib/action_dispatch/request/utils.rb:83:in `encode'
actionpack (6.1.3) lib/action_dispatch/request/utils.rb:45:in `set_binary_encoding'
actionpack (6.1.3) lib/action_dispatch/http/parameters.rb:68:in `path_parameters='
actionpack (6.1.3) lib/action_dispatch/journey/router.rb:48:in `block in serve'
actionpack (6.1.3) lib/action_dispatch/journey/router.rb:32:in `each'
actionpack (6.1.3) lib/action_dispatch/journey/router.rb:32:in `serve'
actionpack (6.1.3) lib/action_dispatch/routing/route_set.rb:842:in `call'
rack (2.2.3) lib/rack/tempfile_reaper.rb:15:in `call'
rack (2.2.3) lib/rack/etag.rb:27:in `call'
rack (2.2.3) lib/rack/conditional_get.rb:27:in `call'
rack (2.2.3) lib/rack/head.rb:12:in `call'
actionpack (6.1.3) lib/action_dispatch/http/permissions_policy.rb:22:in `call'
actionpack (6.1.3) lib/action_dispatch/http/content_security_policy.rb:18:in `call'
rack (2.2.3) lib/rack/session/abstract/id.rb:266:in `context'
rack (2.2.3) lib/rack/session/abstract/id.rb:260:in `call'
actionpack (6.1.3) lib/action_dispatch/middleware/cookies.rb:689:in `call'
activerecord (6.1.3) lib/active_record/migration.rb:601:in `call'
actionpack (6.1.3) lib/action_dispatch/middleware/callbacks.rb:27:in `block in call'
activesupport (6.1.3) lib/active_support/callbacks.rb:98:in `run_callbacks'
actionpack (6.1.3) lib/action_dispatch/middleware/callbacks.rb:26:in `call'
actionpack (6.1.3) lib/action_dispatch/middleware/executor.rb:14:in `call'
actionpack (6.1.3) lib/action_dispatch/middleware/actionable_exceptions.rb:18:in `call'
actionpack (6.1.3) lib/action_dispatch/middleware/debug_exceptions.rb:29:in `call'
web-console (4.1.0) lib/web_console/middleware.rb:132:in `call_app'
web-console (4.1.0) lib/web_console/middleware.rb:28:in `block in call'
web-console (4.1.0) lib/web_console/middleware.rb:17:in `catch'
web-console (4.1.0) lib/web_console/middleware.rb:17:in `call'
actionpack (6.1.3) lib/action_dispatch/middleware/show_exceptions.rb:33:in `call'
railties (6.1.3) lib/rails/rack/logger.rb:37:in `call_app'
railties (6.1.3) lib/rails/rack/logger.rb:26:in `block in call'
activesupport (6.1.3) lib/active_support/tagged_logging.rb:99:in `block in tagged'
activesupport (6.1.3) lib/active_support/tagged_logging.rb:37:in `tagged'
activesupport (6.1.3) lib/active_support/tagged_logging.rb:99:in `tagged'
railties (6.1.3) lib/rails/rack/logger.rb:26:in `call'
sprockets-rails (3.2.2) lib/sprockets/rails/quiet_assets.rb:13:in `call'
actionpack (6.1.3) lib/action_dispatch/middleware/remote_ip.rb:81:in `call'
actionpack (6.1.3) lib/action_dispatch/middleware/request_id.rb:26:in `call'
rack (2.2.3) lib/rack/method_override.rb:24:in `call'
rack (2.2.3) lib/rack/runtime.rb:22:in `call'
activesupport (6.1.3) lib/active_support/cache/strategy/local_cache_middleware.rb:29:in `call'
actionpack (6.1.3) lib/action_dispatch/middleware/executor.rb:14:in `call'
actionpack (6.1.3) lib/action_dispatch/middleware/static.rb:24:in `call'
rack (2.2.3) lib/rack/sendfile.rb:110:in `call'
actionpack (6.1.3) lib/action_dispatch/middleware/host_authorization.rb:98:in `call'
rack-mini-profiler (2.3.1) lib/mini_profiler/profiler.rb:373:in `call'
webpacker (5.2.1) lib/webpacker/dev_server_proxy.rb:25:in `perform_request'
rack-proxy (0.6.5) lib/rack/proxy.rb:57:in `call'
railties (6.1.3) lib/rails/engine.rb:539:in `call'
puma (5.2.2) lib/puma/configuration.rb:248:in `call'
puma (5.2.2) lib/puma/request.rb:76:in `block in handle_request'
puma (5.2.2) lib/puma/thread_pool.rb:337:in `with_force_shutdown'
puma (5.2.2) lib/puma/request.rb:75:in `handle_request'
puma (5.2.2) lib/puma/server.rb:431:in `process_client'
puma (5.2.2) lib/puma/thread_pool.rb:145:in `block in spawn_thread'
Started GET "/" for 127.0.0.1 at 2021-03-25 21:54:13 +0200
Processing by MainController#index as HTML
  Rendering layout layouts/application.html.erb
  Rendering main/index.html.erb within layouts/application
  Rendered main/index.html.erb within layouts/application (Duration: 0.4ms | Allocations: 108)
[Webpacker] Everything's up-to-date. Nothing to do
  Rendered layout layouts/application.html.erb (Duration: 19.0ms | Allocations: 4965)
Completed 200 OK in 38ms (Views: 34.6ms | Allocations: 7152)


Started GET "/" for 127.0.0.1 at 2021-03-25 22:01:33 +0200
Processing by MainController#index as HTML
  Rendering layout layouts/application.html.erb
  Rendering main/index.html.erb within layouts/application
  Rendered main/index.html.erb within layouts/application (Duration: 0.5ms | Allocations: 106)
[Webpacker] Everything's up-to-date. Nothing to do
  Rendered layout layouts/application.html.erb (Duration: 16.5ms | Allocations: 3101)
Completed 200 OK in 28ms (Views: 26.7ms | Allocations: 4220)


Started GET "/" for 127.0.0.1 at 2021-03-25 22:04:38 +0200
Processing by MainController#index as HTML
  Rendering layout layouts/application.html.erb
  Rendering main/index.html.erb within layouts/application
  Rendered main/index.html.erb within layouts/application (Duration: 0.4ms | Allocations: 111)
[Webpacker] Everything's up-to-date. Nothing to do
  Rendered layout layouts/application.html.erb (Duration: 18.1ms | Allocations: 3104)
Completed 200 OK in 25ms (Views: 24.5ms | Allocations: 4218)


Started GET "/about" for 127.0.0.1 at 2021-03-25 22:09:52 +0200
Processing by AboutController#index as HTML
  Rendering layout layouts/application.html.erb
  Rendering about/index.html.erb within layouts/application
  Rendered about/index.html.erb within layouts/application (Duration: 0.9ms | Allocations: 107)
[Webpacker] Everything's up-to-date. Nothing to do
  Rendered layout layouts/application.html.erb (Duration: 17.0ms | Allocations: 3078)
Completed 200 OK in 25ms (Views: 23.7ms | Allocations: 4312)


Started GET "/about" for 127.0.0.1 at 2021-03-25 22:28:56 +0200
Processing by AboutController#index as HTML
  Rendering layout layouts/application.html.erb
  Rendering about/index.html.erb within layouts/application
  Rendered about/index.html.erb within layouts/application (Duration: 0.4ms | Allocations: 108)
[Webpacker] Everything's up-to-date. Nothing to do
  Rendered layout layouts/application.html.erb (Duration: 15.7ms | Allocations: 4321)
Completed 500 Internal Server Error in 27ms (Allocations: 5514)


  
ActionView::Template::Error (Missing partial shared/_navbar  with {:locale=>[:en], :formats=>[:html], :variants=>[], :handlers=>[:raw, :erb, :html, :builder, :ruby, :jbuilder]}. Searched in:
  * "/home/dean/Documents/github/scheduled_tweets/app/views"
  * "/home/dean/.rvm/gems/ruby-2.7.0/gems/actiontext-6.1.3/app/views"
  * "/home/dean/.rvm/gems/ruby-2.7.0/gems/actionmailbox-6.1.3/app/views"
):
    15: 
    16:   <body>
    17: 
    18:   <%= render partial: "shared/navbar " %>
    19: 
    20:   <div class="container">
    21:     <%= yield %>
  
app/views/layouts/application.html.erb:18
Started GET "/about" for 127.0.0.1 at 2021-03-25 22:32:04 +0200
Processing by AboutController#index as HTML
  Rendering layout layouts/application.html.erb
  Rendering about/index.html.erb within layouts/application
  Rendered about/index.html.erb within layouts/application (Duration: 0.3ms | Allocations: 105)
[Webpacker] Everything's up-to-date. Nothing to do
  Rendered shared/_navbar.html.erb (Duration: 1.0ms | Allocations: 120)
  Rendered layout layouts/application.html.erb (Duration: 15.7ms | Allocations: 3453)
Completed 200 OK in 25ms (Views: 21.3ms | Allocations: 4658)


Started GET "/about" for 127.0.0.1 at 2021-03-25 22:36:35 +0200
Processing by AboutController#index as HTML
  Rendering layout layouts/application.html.erb
  Rendering about/index.html.erb within layouts/application
  Rendered about/index.html.erb within layouts/application (Duration: 0.8ms | Allocations: 105)
[Webpacker] Everything's up-to-date. Nothing to do
  Rendered shared/_navbar.html.erb (Duration: 0.6ms | Allocations: 114)
  Rendered layout layouts/application.html.erb (Duration: 18.5ms | Allocations: 3434)
Completed 200 OK in 26ms (Views: 24.4ms | Allocations: 4633)


Started GET "/about" for 127.0.0.1 at 2021-03-25 22:36:47 +0200
Processing by AboutController#index as HTML
  Rendering layout layouts/application.html.erb
  Rendering about/index.html.erb within layouts/application
  Rendered about/index.html.erb within layouts/application (Duration: 0.1ms | Allocations: 38)
[Webpacker] Everything's up-to-date. Nothing to do
  Rendered shared/_navbar.html.erb (Duration: 0.1ms | Allocations: 40)
  Rendered layout layouts/application.html.erb (Duration: 9.9ms | Allocations: 2899)
Completed 200 OK in 14ms (Views: 11.8ms | Allocations: 3341)


Started GET "/about" for 127.0.0.1 at 2021-03-25 22:36:49 +0200
Processing by AboutController#index as HTML
  Rendering layout layouts/application.html.erb
  Rendering about/index.html.erb within layouts/application
  Rendered about/index.html.erb within layouts/application (Duration: 0.1ms | Allocations: 38)
[Webpacker] Everything's up-to-date. Nothing to do
  Rendered shared/_navbar.html.erb (Duration: 0.1ms | Allocations: 40)
  Rendered layout layouts/application.html.erb (Duration: 10.8ms | Allocations: 2899)
Completed 200 OK in 15ms (Views: 13.9ms | Allocations: 3340)


Started GET "/about" for 127.0.0.1 at 2021-03-25 22:53:46 +0200
Processing by AboutController#index as HTML
  Rendering layout layouts/application.html.erb
  Rendering about/index.html.erb within layouts/application
  Rendered about/index.html.erb within layouts/application (Duration: 0.4ms | Allocations: 105)
[Webpacker] Everything's up-to-date. Nothing to do
  Rendered shared/_navbar.html.erb (Duration: 1.7ms | Allocations: 120)
  Rendered layout layouts/application.html.erb (Duration: 13.5ms | Allocations: 3440)
Completed 200 OK in 21ms (Views: 16.9ms | Allocations: 4638)


Started GET "/about" for 127.0.0.1 at 2021-03-25 22:55:37 +0200
Processing by AboutController#index as HTML
  Rendering layout layouts/application.html.erb
  Rendering about/index.html.erb within layouts/application
  Rendered about/index.html.erb within layouts/application (Duration: 0.4ms | Allocations: 105)
[Webpacker] Everything's up-to-date. Nothing to do
  Rendered shared/_navbar.html.erb (Duration: 0.5ms | Allocations: 124)
  Rendered layout layouts/application.html.erb (Duration: 13.1ms | Allocations: 3444)
Completed 200 OK in 22ms (Views: 20.7ms | Allocations: 4643)


Started GET "/" for 127.0.0.1 at 2021-03-25 22:56:00 +0200
Processing by MainController#index as HTML
  Rendering layout layouts/application.html.erb
  Rendering main/index.html.erb within layouts/application
  Rendered main/index.html.erb within layouts/application (Duration: 1.0ms | Allocations: 112)
[Webpacker] Everything's up-to-date. Nothing to do
  Rendered shared/_navbar.html.erb (Duration: 0.1ms | Allocations: 41)
  Rendered layout layouts/application.html.erb (Duration: 14.0ms | Allocations: 3041)
Completed 200 OK in 21ms (Views: 17.6ms | Allocations: 3994)


Started GET "/about" for 127.0.0.1 at 2021-03-25 22:56:49 +0200
Processing by AboutController#index as HTML
  Rendering layout layouts/application.html.erb
  Rendering about/index.html.erb within layouts/application
  Rendered about/index.html.erb within layouts/application (Duration: 0.5ms | Allocations: 105)
[Webpacker] Everything's up-to-date. Nothing to do
  Rendered shared/_navbar.html.erb (Duration: 1.5ms | Allocations: 124)
  Rendered layout layouts/application.html.erb (Duration: 12.1ms | Allocations: 3445)
Completed 200 OK in 21ms (Views: 19.2ms | Allocations: 4649)


Started GET "/about" for 127.0.0.1 at 2021-03-25 22:57:43 +0200
Processing by AboutController#index as HTML
  Rendering layout layouts/application.html.erb
  Rendering about/index.html.erb within layouts/application
  Rendered about/index.html.erb within layouts/application (Duration: 0.5ms | Allocations: 105)
[Webpacker] Everything's up-to-date. Nothing to do
  Rendered shared/_navbar.html.erb (Duration: 1.9ms | Allocations: 124)
  Rendered layout layouts/application.html.erb (Duration: 16.4ms | Allocations: 3444)
Completed 200 OK in 24ms (Views: 22.7ms | Allocations: 4643)


Started GET "/" for 127.0.0.1 at 2021-03-25 22:57:44 +0200
Processing by MainController#index as HTML
  Rendering layout layouts/application.html.erb
  Rendering main/index.html.erb within layouts/application
  Rendered main/index.html.erb within layouts/application (Duration: 0.4ms | Allocations: 109)
[Webpacker] Everything's up-to-date. Nothing to do
  Rendered shared/_navbar.html.erb (Duration: 0.1ms | Allocations: 41)
  Rendered layout layouts/application.html.erb (Duration: 11.4ms | Allocations: 3030)
Completed 200 OK in 16ms (Views: 15.1ms | Allocations: 3977)


Started GET "/about" for 127.0.0.1 at 2021-03-25 22:57:46 +0200
Processing by AboutController#index as HTML
  Rendering layout layouts/application.html.erb
  Rendering about/index.html.erb within layouts/application
  Rendered about/index.html.erb within layouts/application (Duration: 0.1ms | Allocations: 38)
[Webpacker] Everything's up-to-date. Nothing to do
  Rendered shared/_navbar.html.erb (Duration: 0.1ms | Allocations: 40)
  Rendered layout layouts/application.html.erb (Duration: 10.4ms | Allocations: 2899)
Completed 200 OK in 13ms (Views: 12.5ms | Allocations: 3342)


Started GET "/" for 127.0.0.1 at 2021-03-25 22:57:47 +0200
Processing by MainController#index as HTML
  Rendering layout layouts/application.html.erb
  Rendering main/index.html.erb within layouts/application
  Rendered main/index.html.erb within layouts/application (Duration: 0.1ms | Allocations: 38)
[Webpacker] Everything's up-to-date. Nothing to do
  Rendered shared/_navbar.html.erb (Duration: 0.1ms | Allocations: 40)
  Rendered layout layouts/application.html.erb (Duration: 19.1ms | Allocations: 2889)
Completed 200 OK in 22ms (Views: 20.9ms | Allocations: 3332)


Started GET "/" for 127.0.0.1 at 2021-03-25 22:57:48 +0200
Processing by MainController#index as HTML
  Rendering layout layouts/application.html.erb
  Rendering main/index.html.erb within layouts/application
  Rendered main/index.html.erb within layouts/application (Duration: 0.1ms | Allocations: 38)
[Webpacker] Everything's up-to-date. Nothing to do
  Rendered shared/_navbar.html.erb (Duration: 0.1ms | Allocations: 40)
  Rendered layout layouts/application.html.erb (Duration: 8.7ms | Allocations: 2889)
Completed 200 OK in 12ms (Views: 11.4ms | Allocations: 3330)


Started GET "/" for 127.0.0.1 at 2021-03-25 23:00:37 +0200
Processing by MainController#index as HTML
  Rendering layout layouts/application.html.erb
  Rendering main/index.html.erb within layouts/application
  Rendered main/index.html.erb within layouts/application (Duration: 0.4ms | Allocations: 111)
[Webpacker] Everything's up-to-date. Nothing to do
  Rendered shared/_navbar.html.erb (Duration: 5.0ms | Allocations: 1115)
  Rendered layout layouts/application.html.erb (Duration: 19.2ms | Allocations: 4437)
Completed 500 Internal Server Error in 39ms (Allocations: 5525)


  
ActionView::SyntaxErrorInTemplate (Encountered a syntax error while rendering template: check <nav class="navbar navbar-expand-lg navbar-light bg-light">
    <div class="container-fluid">
        <a class="navbar-brand" href="/">Navbar</a>
        <button class="navbar-toggler" type="button" data-bs-toggle="collapse" data-bs-target="#navbarNav">
            <span class="nav" -toggler-icon></span>
        </button>
       
            <ul class="nav">
                <li class="nav-item">
                    <a class="nav-link active" aria-current="page" href="/">Home</a>
                </li>
                <li class="nav-item">
                <% link_to, about_path, class: "nav-link" %>
                   
                </li>

            </ul>
        
    </div>
</nav>
):
1:    <nav class="navbar navbar-expand-lg navbar-light bg-light">
2:        <div class="container-fluid">
3:            <a class="navbar-brand" href="/">Navbar</a>
4:            <button class="navbar-toggler" type="button" data-bs-toggle="collapse" data-bs-target="#navbarNav">
5:                <span class="nav" -toggler-icon></span>
6:            </button>
7:           
8:                <ul class="nav">
9:                    <li class="nav-item">
10:                        <a class="nav-link active" aria-current="page" href="/">Home</a>
11:                    </li>
12:                    <li class="nav-item">
13:                    <% link_to, about_path, class: "nav-link" %>
14:                       
15:                    </li>
16:    
17:                </ul>
18:            
19:        </div>
20:    </nav>
  
app/views/shared/_navbar.html.erb:13: syntax error, unexpected label, expecting '='
app/views/shared/_navbar.html.erb:13: syntax error, unexpected label, expecting '='
app/views/shared/_navbar.html.erb:13: syntax error, unexpected label, expecting '='
app/views/shared/_navbar.html.erb:13: syntax error, unexpected label, expecting '='
app/views/shared/_navbar.html.erb:13: syntax error, unexpected label, expecting '='
app/views/shared/_navbar.html.erb:13: syntax error, unexpected label, expecting '='
app/views/layouts/application.html.erb:18
Started GET "/about" for 127.0.0.1 at 2021-03-25 23:00:40 +0200
Processing by AboutController#index as HTML
  Rendering layout layouts/application.html.erb
  Rendering about/index.html.erb within layouts/application
  Rendered about/index.html.erb within layouts/application (Duration: 0.5ms | Allocations: 109)
[Webpacker] Everything's up-to-date. Nothing to do
  Rendered shared/_navbar.html.erb (Duration: 1.2ms | Allocations: 1110)
  Rendered layout layouts/application.html.erb (Duration: 235.2ms | Allocations: 31624)
Completed 500 Internal Server Error in 241ms (Allocations: 32586)


  
ActionView::SyntaxErrorInTemplate (Encountered a syntax error while rendering template: check <nav class="navbar navbar-expand-lg navbar-light bg-light">
    <div class="container-fluid">
        <a class="navbar-brand" href="/">Navbar</a>
        <button class="navbar-toggler" type="button" data-bs-toggle="collapse" data-bs-target="#navbarNav">
            <span class="nav" -toggler-icon></span>
        </button>
       
            <ul class="nav">
                <li class="nav-item">
                    <a class="nav-link active" aria-current="page" href="/">Home</a>
                </li>
                <li class="nav-item">
                <% link_to, about_path, class: "nav-link" %>
                   
                </li>

            </ul>
        
    </div>
</nav>
):
1:    <nav class="navbar navbar-expand-lg navbar-light bg-light">
2:        <div class="container-fluid">
3:            <a class="navbar-brand" href="/">Navbar</a>
4:            <button class="navbar-toggler" type="button" data-bs-toggle="collapse" data-bs-target="#navbarNav">
5:                <span class="nav" -toggler-icon></span>
6:            </button>
7:           
8:                <ul class="nav">
9:                    <li class="nav-item">
10:                        <a class="nav-link active" aria-current="page" href="/">Home</a>
11:                    </li>
12:                    <li class="nav-item">
13:                    <% link_to, about_path, class: "nav-link" %>
14:                       
15:                    </li>
16:    
17:                </ul>
18:            
19:        </div>
20:    </nav>
  
app/views/shared/_navbar.html.erb:13: syntax error, unexpected label, expecting '='
app/views/shared/_navbar.html.erb:13: syntax error, unexpected label, expecting '='
app/views/shared/_navbar.html.erb:13: syntax error, unexpected label, expecting '='
app/views/shared/_navbar.html.erb:13: syntax error, unexpected label, expecting '='
app/views/shared/_navbar.html.erb:13: syntax error, unexpected label, expecting '='
app/views/shared/_navbar.html.erb:13: syntax error, unexpected label, expecting '='
app/views/layouts/application.html.erb:18
Started GET "/" for 127.0.0.1 at 2021-03-25 23:02:57 +0200
  
SyntaxError (/home/dean/Documents/github/scheduled_tweets/config/routes.rb:5: syntax error, unexpected local variable or method, expecting `end'
...about-us", to: "about#index" as: :about
...                             ^~
):
  
config/routes.rb:5: syntax error, unexpected local variable or method, expecting `end'
config/routes.rb:5: syntax error, unexpected local variable or method, expecting `end'
config/routes.rb:5: syntax error, unexpected local variable or method, expecting `end'
Started GET "/" for 127.0.0.1 at 2021-03-25 23:05:12 +0200
  
ActionController::RoutingError (No route matches [GET] "/"):
  
Started GET "/" for 127.0.0.1 at 2021-03-25 23:06:44 +0200
  
ActionController::RoutingError (No route matches [GET] "/"):
  
Started GET "/" for 127.0.0.1 at 2021-03-25 23:06:59 +0200
  
ActionController::RoutingError (No route matches [GET] "/"):
  
Started GET "/" for 127.0.0.1 at 2021-03-25 23:08:19 +0200
  
SyntaxError (/home/dean/Documents/github/scheduled_tweets/config/routes.rb:5: syntax error, unexpected local variable or method, expecting `end'
...about-us", to: "about#index" as: :about
...                             ^~
):
  
config/routes.rb:5: syntax error, unexpected local variable or method, expecting `end'
config/routes.rb:5: syntax error, unexpected local variable or method, expecting `end'
config/routes.rb:5: syntax error, unexpected local variable or method, expecting `end'
Started GET "/" for 127.0.0.1 at 2021-03-25 23:10:26 +0200
  
ActionController::RoutingError (No route matches [GET] "/"):
  
Started GET "/" for 127.0.0.1 at 2021-03-25 23:11:28 +0200
  
ActionController::RoutingError (No route matches [GET] "/"):
  
Started GET "/" for 127.0.0.1 at 2021-03-25 23:20:45 +0200
  
ActionController::RoutingError (No route matches [GET] "/"):
  
Started GET "/" for 127.0.0.1 at 2021-03-25 23:22:48 +0200
  
ActionController::RoutingError (No route matches [GET] "/"):
  
Started GET "/" for 127.0.0.1 at 2021-03-25 23:25:33 +0200
  [1m[35m (3.1ms)[0m  [1m[34mSELECT sqlite_version(*)[0m
Processing by MainController#index as HTML
  Rendering layout layouts/application.html.erb
  Rendering main/index.html.erb within layouts/application
  Rendered main/index.html.erb within layouts/application (Duration: 1.0ms | Allocations: 294)
[Webpacker] Everything's up-to-date. Nothing to do
  Rendered shared/_navbar.html.erb (Duration: 1.9ms | Allocations: 1431)
  Rendered layout layouts/application.html.erb (Duration: 26.2ms | Allocations: 6861)
Completed 500 Internal Server Error in 50ms (ActiveRecord: 0.0ms | Allocations: 9608)


  
ActionView::SyntaxErrorInTemplate (Encountered a syntax error while rendering template: check <nav class="navbar navbar-expand-lg navbar-light bg-light">
    <div class="container-fluid">
        <a class="navbar-brand" href="/">Navbar</a>
        <button class="navbar-toggler" type="button" data-bs-toggle="collapse" data-bs-target="#navbarNav">
            <span class="nav" -toggler-icon></span>
        </button>
       
            <ul class="nav">
                <li class="nav-item">
                    <a class="nav-link active" aria-current="page" href="/">Home</a>
                </li>
                <li class="nav-item">
                <%= link_to, "About", about_path class: "nav-link" %>
                    <a class="nav-link" href="/about-us">About</a>
                </li>

            </ul>
        
    </div>
</nav>
):
1:    <nav class="navbar navbar-expand-lg navbar-light bg-light">
2:        <div class="container-fluid">
3:            <a class="navbar-brand" href="/">Navbar</a>
4:            <button class="navbar-toggler" type="button" data-bs-toggle="collapse" data-bs-target="#navbarNav">
5:                <span class="nav" -toggler-icon></span>
6:            </button>
7:           
8:                <ul class="nav">
9:                    <li class="nav-item">
10:                        <a class="nav-link active" aria-current="page" href="/">Home</a>
11:                    </li>
12:                    <li class="nav-item">
13:                    <%= link_to, "About", about_path class: "nav-link" %>
14:                        <a class="nav-link" href="/about-us">About</a>
15:                    </li>
16:    
17:                </ul>
18:            
19:        </div>
20:    </nav>
  
app/views/shared/_navbar.html.erb:13: syntax error, unexpected ',', expecting '.' or &. or :: or '['
app/views/shared/_navbar.html.erb:13: syntax error, unexpected ',', expecting '.' or &. or :: or '['
app/views/shared/_navbar.html.erb:13: syntax error, unexpected ',', expecting '.' or &. or :: or '['
app/views/shared/_navbar.html.erb:13: syntax error, unexpected ',', expecting '.' or &. or :: or '['
app/views/shared/_navbar.html.erb:13: syntax error, unexpected ',', expecting '.' or &. or :: or '['
app/views/shared/_navbar.html.erb:13: syntax error, unexpected ',', expecting '.' or &. or :: or '['
app/views/layouts/application.html.erb:18
Started GET "/" for 127.0.0.1 at 2021-03-25 23:25:58 +0200
Processing by MainController#index as HTML
  Rendering layout layouts/application.html.erb
  Rendering main/index.html.erb within layouts/application
  Rendered main/index.html.erb within layouts/application (Duration: 0.4ms | Allocations: 110)
[Webpacker] Everything's up-to-date. Nothing to do
  Rendered shared/_navbar.html.erb (Duration: 1.9ms | Allocations: 168)
  Rendered layout layouts/application.html.erb (Duration: 13.5ms | Allocations: 3492)
Completed 200 OK in 29ms (Views: 27.8ms | ActiveRecord: 0.0ms | Allocations: 4649)


Started GET "/pages/home" for 127.0.0.1 at 2021-03-25 23:26:01 +0200
  
ActionController::RoutingError (No route matches [GET] "/pages/home"):
  
Started GET "/" for 127.0.0.1 at 2021-03-25 23:26:17 +0200
Processing by MainController#index as HTML
  Rendering layout layouts/application.html.erb
  Rendering main/index.html.erb within layouts/application
  Rendered main/index.html.erb within layouts/application (Duration: 0.1ms | Allocations: 38)
[Webpacker] Everything's up-to-date. Nothing to do
  Rendered shared/_navbar.html.erb (Duration: 0.1ms | Allocations: 40)
  Rendered layout layouts/application.html.erb (Duration: 8.8ms | Allocations: 2890)
Completed 200 OK in 13ms (Views: 12.1ms | ActiveRecord: 0.0ms | Allocations: 3338)


Started GET "/" for 127.0.0.1 at 2021-03-25 23:36:17 +0200
Processing by MainController#index as HTML
  Rendering layout layouts/application.html.erb
  Rendering main/index.html.erb within layouts/application
  Rendered main/index.html.erb within layouts/application (Duration: 0.4ms | Allocations: 110)
[Webpacker] Everything's up-to-date. Nothing to do
  Rendered shared/_navbar.html.erb (Duration: 3.0ms | Allocations: 1135)
  Rendered layout layouts/application.html.erb (Duration: 17.4ms | Allocations: 4409)
Completed 500 Internal Server Error in 25ms (Allocations: 5522)


  
ActionView::SyntaxErrorInTemplate (Encountered a syntax error while rendering template: check <nav class="navbar navbar-expand-lg navbar-light bg-light">
    <div class="container-fluid">
        <a class="navbar-brand" href="/">Navbar</a>
        <button class="navbar-toggler" type="button" data-bs-toggle="collapse" data-bs-target="#navbarNav">
            <span class="nav" -toggler-icon></span>
        </button>
       
            <ul class="nav">
                <li class="nav-item">
                 <%= link_to, "Home", root_path class: "nav-link" %> 
                  
                </li>
                <li class="nav-item">

                  <%= link_to, "About", about_path class: "nav-link" %> 
            
                </li>

            </ul>
        
    </div>
</nav>
):
1:    <nav class="navbar navbar-expand-lg navbar-light bg-light">
2:        <div class="container-fluid">
3:            <a class="navbar-brand" href="/">Navbar</a>
4:            <button class="navbar-toggler" type="button" data-bs-toggle="collapse" data-bs-target="#navbarNav">
5:                <span class="nav" -toggler-icon></span>
6:            </button>
7:           
8:                <ul class="nav">
9:                    <li class="nav-item">
10:                     <%= link_to, "Home", root_path class: "nav-link" %> 
11:                      
12:                    </li>
13:                    <li class="nav-item">
14:    
15:                      <%= link_to, "About", about_path class: "nav-link" %> 
16:                
17:                    </li>
18:    
19:                </ul>
20:            
21:        </div>
22:    </nav>
  
app/views/shared/_navbar.html.erb:10: syntax error, unexpected ',', expecting '.' or &. or :: or '['
app/views/shared/_navbar.html.erb:15: syntax error, unexpected ',', expecting '.' or &. or :: or '['
app/views/shared/_navbar.html.erb:10: syntax error, unexpected ',', expecting '.' or &. or :: or '['
app/views/shared/_navbar.html.erb:15: syntax error, unexpected ',', expecting '.' or &. or :: or '['
app/views/shared/_navbar.html.erb:10: syntax error, unexpected ',', expecting '.' or &. or :: or '['
app/views/shared/_navbar.html.erb:15: syntax error, unexpected ',', expecting '.' or &. or :: or '['
app/views/shared/_navbar.html.erb:10: syntax error, unexpected ',', expecting '.' or &. or :: or '['
app/views/shared/_navbar.html.erb:15: syntax error, unexpected ',', expecting '.' or &. or :: or '['
app/views/shared/_navbar.html.erb:10: syntax error, unexpected ',', expecting '.' or &. or :: or '['
app/views/shared/_navbar.html.erb:15: syntax error, unexpected ',', expecting '.' or &. or :: or '['
app/views/shared/_navbar.html.erb:10: syntax error, unexpected ',', expecting '.' or &. or :: or '['
app/views/shared/_navbar.html.erb:15: syntax error, unexpected ',', expecting '.' or &. or :: or '['
app/views/layouts/application.html.erb:18
Started GET "/" for 127.0.0.1 at 2021-03-25 23:41:38 +0200
Processing by MainController#index as HTML
  Rendering layout layouts/application.html.erb
  Rendering main/index.html.erb within layouts/application
  Rendered main/index.html.erb within layouts/application (Duration: 0.4ms | Allocations: 110)
[Webpacker] Everything's up-to-date. Nothing to do
  Rendered shared/_navbar.html.erb (Duration: 1.1ms | Allocations: 1133)
  Rendered layout layouts/application.html.erb (Duration: 23.6ms | Allocations: 4415)
Completed 500 Internal Server Error in 37ms (Allocations: 5534)


  
ActionView::SyntaxErrorInTemplate (Encountered a syntax error while rendering template: check <nav class="navbar navbar-expand-lg navbar-light bg-light">
    <div class="container-fluid">
        <a class="navbar-brand" href="/">Navbar</a>
        <button class="navbar-toggler" type="button" data-bs-toggle="collapse" data-bs-target="#navbarNav">
            <span class="nav" -toggler-icon></span>
        </button>
       
            <ul class="nav">
                <li class="nav-item">
                 <%= link_to, "Home", root_path class: "nav-link" %> 
                </li>

                <li class="nav-item">
                  <%= link_to, "About", about_path class: "nav-link" %> 
                </li>

            </ul>
        
    </div>
</nav>
):
1:    <nav class="navbar navbar-expand-lg navbar-light bg-light">
2:        <div class="container-fluid">
3:            <a class="navbar-brand" href="/">Navbar</a>
4:            <button class="navbar-toggler" type="button" data-bs-toggle="collapse" data-bs-target="#navbarNav">
5:                <span class="nav" -toggler-icon></span>
6:            </button>
7:           
8:                <ul class="nav">
9:                    <li class="nav-item">
10:                     <%= link_to, "Home", root_path class: "nav-link" %> 
11:                    </li>
12:    
13:                    <li class="nav-item">
14:                      <%= link_to, "About", about_path class: "nav-link" %> 
15:                    </li>
16:    
17:                </ul>
18:            
19:        </div>
20:    </nav>
  
app/views/shared/_navbar.html.erb:10: syntax error, unexpected ',', expecting '.' or &. or :: or '['
app/views/shared/_navbar.html.erb:14: syntax error, unexpected ',', expecting '.' or &. or :: or '['
app/views/shared/_navbar.html.erb:10: syntax error, unexpected ',', expecting '.' or &. or :: or '['
app/views/shared/_navbar.html.erb:14: syntax error, unexpected ',', expecting '.' or &. or :: or '['
app/views/shared/_navbar.html.erb:10: syntax error, unexpected ',', expecting '.' or &. or :: or '['
app/views/shared/_navbar.html.erb:14: syntax error, unexpected ',', expecting '.' or &. or :: or '['
app/views/shared/_navbar.html.erb:10: syntax error, unexpected ',', expecting '.' or &. or :: or '['
app/views/shared/_navbar.html.erb:14: syntax error, unexpected ',', expecting '.' or &. or :: or '['
app/views/shared/_navbar.html.erb:10: syntax error, unexpected ',', expecting '.' or &. or :: or '['
app/views/shared/_navbar.html.erb:14: syntax error, unexpected ',', expecting '.' or &. or :: or '['
app/views/shared/_navbar.html.erb:10: syntax error, unexpected ',', expecting '.' or &. or :: or '['
app/views/shared/_navbar.html.erb:14: syntax error, unexpected ',', expecting '.' or &. or :: or '['
app/views/layouts/application.html.erb:18
Started GET "/" for 127.0.0.1 at 2021-03-25 23:44:42 +0200
Processing by MainController#index as HTML
  Rendering layout layouts/application.html.erb
  Rendering main/index.html.erb within layouts/application
  Rendered main/index.html.erb within layouts/application (Duration: 0.4ms | Allocations: 110)
[Webpacker] Everything's up-to-date. Nothing to do
  Rendered shared/_navbar.html.erb (Duration: 2.2ms | Allocations: 1133)
  Rendered layout layouts/application.html.erb (Duration: 15.6ms | Allocations: 4454)
Completed 500 Internal Server Error in 21ms (Allocations: 5541)


  
ActionView::SyntaxErrorInTemplate (Encountered a syntax error while rendering template: check <nav class="navbar navbar-expand-lg navbar-light bg-light">
    <div class="container-fluid">
        <a class="navbar-brand" href="/">Navbar</a>
        <button class="navbar-toggler" type="button" data-bs-toggle="collapse" data-bs-target="#navbarNav">
            <span class="nav" -toggler-icon></span>
        </button>
       
            <ul class="nav">
                <li class="nav-item">
                 <%= link_to, "Home", root_path, class: "nav-link" %> 
                </li>

                <li class="nav-item">
                  <%= link_to, "About", about_path class: "nav-link" %> 
                </li>

            </ul>
        
    </div>
</nav>
):
1:    <nav class="navbar navbar-expand-lg navbar-light bg-light">
2:        <div class="container-fluid">
3:            <a class="navbar-brand" href="/">Navbar</a>
4:            <button class="navbar-toggler" type="button" data-bs-toggle="collapse" data-bs-target="#navbarNav">
5:                <span class="nav" -toggler-icon></span>
6:            </button>
7:           
8:                <ul class="nav">
9:                    <li class="nav-item">
10:                     <%= link_to, "Home", root_path, class: "nav-link" %> 
11:                    </li>
12:    
13:                    <li class="nav-item">
14:                      <%= link_to, "About", about_path class: "nav-link" %> 
15:                    </li>
16:    
17:                </ul>
18:            
19:        </div>
20:    </nav>
  
app/views/shared/_navbar.html.erb:10: syntax error, unexpected ',', expecting '.' or &. or :: or '['
app/views/shared/_navbar.html.erb:14: syntax error, unexpected ',', expecting '.' or &. or :: or '['
app/views/shared/_navbar.html.erb:10: syntax error, unexpected ',', expecting '.' or &. or :: or '['
app/views/shared/_navbar.html.erb:14: syntax error, unexpected ',', expecting '.' or &. or :: or '['
app/views/shared/_navbar.html.erb:10: syntax error, unexpected ',', expecting '.' or &. or :: or '['
app/views/shared/_navbar.html.erb:14: syntax error, unexpected ',', expecting '.' or &. or :: or '['
app/views/shared/_navbar.html.erb:10: syntax error, unexpected ',', expecting '.' or &. or :: or '['
app/views/shared/_navbar.html.erb:14: syntax error, unexpected ',', expecting '.' or &. or :: or '['
app/views/shared/_navbar.html.erb:10: syntax error, unexpected ',', expecting '.' or &. or :: or '['
app/views/shared/_navbar.html.erb:14: syntax error, unexpected ',', expecting '.' or &. or :: or '['
app/views/shared/_navbar.html.erb:10: syntax error, unexpected ',', expecting '.' or &. or :: or '['
app/views/shared/_navbar.html.erb:14: syntax error, unexpected ',', expecting '.' or &. or :: or '['
app/views/layouts/application.html.erb:18
Started GET "/" for 127.0.0.1 at 2021-03-25 23:51:30 +0200
Processing by MainController#index as HTML
  Rendering layout layouts/application.html.erb
  Rendering main/index.html.erb within layouts/application
  Rendered main/index.html.erb within layouts/application (Duration: 0.5ms | Allocations: 110)
[Webpacker] Everything's up-to-date. Nothing to do
  Rendered shared/_navbar.html.erb (Duration: 1.3ms | Allocations: 1156)
  Rendered layout layouts/application.html.erb (Duration: 17.8ms | Allocations: 4476)
Completed 500 Internal Server Error in 25ms (Allocations: 5559)


  
ActionView::SyntaxErrorInTemplate (Encountered a syntax error while rendering template: check <nav class="navbar navbar-expand-lg navbar-light bg-light">
    <div class="container-fluid">
     <%= link_to, "Navbar", root_path, class: "navbar-brand" %> 
        <a class="navbar-brand" href="/">Navbar</a>
        <button class="navbar-toggler" type="button" data-bs-toggle="collapse" data-bs-target="#navbarNav">
            <span class="nav" -toggler-icon></span>
        </button>
       
            <ul class="nav">
                <li class="nav-item">
                 <%= link_to, "Home", root_path, class: "nav-link" %> 
                </li>
                <li class="nav-item">
                  <%= link_to, "About", about_path class: "nav-link" %> 
                </li>

            </ul>
        
    </div>
</nav>
):
1:    <nav class="navbar navbar-expand-lg navbar-light bg-light">
2:        <div class="container-fluid">
3:         <%= link_to, "Navbar", root_path, class: "navbar-brand" %> 
4:            <a class="navbar-brand" href="/">Navbar</a>
5:            <button class="navbar-toggler" type="button" data-bs-toggle="collapse" data-bs-target="#navbarNav">
6:                <span class="nav" -toggler-icon></span>
7:            </button>
8:           
9:                <ul class="nav">
10:                    <li class="nav-item">
11:                     <%= link_to, "Home", root_path, class: "nav-link" %> 
12:                    </li>
13:                    <li class="nav-item">
14:                      <%= link_to, "About", about_path class: "nav-link" %> 
15:                    </li>
16:    
17:                </ul>
18:            
19:        </div>
20:    </nav>
  
app/views/shared/_navbar.html.erb:3: syntax error, unexpected ',', expecting '.' or &. or :: or '['
app/views/shared/_navbar.html.erb:11: syntax error, unexpected ',', expecting '.' or &. or :: or '['
app/views/shared/_navbar.html.erb:14: syntax error, unexpected ',', expecting '.' or &. or :: or '['
app/views/shared/_navbar.html.erb:3: syntax error, unexpected ',', expecting '.' or &. or :: or '['
app/views/shared/_navbar.html.erb:11: syntax error, unexpected ',', expecting '.' or &. or :: or '['
app/views/shared/_navbar.html.erb:14: syntax error, unexpected ',', expecting '.' or &. or :: or '['
app/views/shared/_navbar.html.erb:3: syntax error, unexpected ',', expecting '.' or &. or :: or '['
app/views/shared/_navbar.html.erb:11: syntax error, unexpected ',', expecting '.' or &. or :: or '['
app/views/shared/_navbar.html.erb:14: syntax error, unexpected ',', expecting '.' or &. or :: or '['
app/views/shared/_navbar.html.erb:3: syntax error, unexpected ',', expecting '.' or &. or :: or '['
app/views/shared/_navbar.html.erb:11: syntax error, unexpected ',', expecting '.' or &. or :: or '['
app/views/shared/_navbar.html.erb:14: syntax error, unexpected ',', expecting '.' or &. or :: or '['
app/views/shared/_navbar.html.erb:3: syntax error, unexpected ',', expecting '.' or &. or :: or '['
app/views/shared/_navbar.html.erb:11: syntax error, unexpected ',', expecting '.' or &. or :: or '['
app/views/shared/_navbar.html.erb:14: syntax error, unexpected ',', expecting '.' or &. or :: or '['
app/views/shared/_navbar.html.erb:3: syntax error, unexpected ',', expecting '.' or &. or :: or '['
app/views/shared/_navbar.html.erb:11: syntax error, unexpected ',', expecting '.' or &. or :: or '['
app/views/shared/_navbar.html.erb:14: syntax error, unexpected ',', expecting '.' or &. or :: or '['
app/views/layouts/application.html.erb:18
Started GET "/" for 127.0.0.1 at 2021-03-25 23:53:53 +0200
Processing by MainController#index as HTML
  Rendering layout layouts/application.html.erb
  Rendering main/index.html.erb within layouts/application
  Rendered main/index.html.erb within layouts/application (Duration: 0.4ms | Allocations: 110)
[Webpacker] Everything's up-to-date. Nothing to do
  Rendered shared/_navbar.html.erb (Duration: 1.5ms | Allocations: 1156)
  Rendered layout layouts/application.html.erb (Duration: 16.4ms | Allocations: 4476)
Completed 500 Internal Server Error in 23ms (Allocations: 5559)


  
ActionView::SyntaxErrorInTemplate (Encountered a syntax error while rendering template: check <nav class="navbar navbar-expand-lg navbar-light bg-light">
    <div class="container-fluid">
     <%= link_to "Navbar", root_path, class: "navbar-brand" %> 
        <a class="navbar-brand" href="/">Navbar</a>
        <button class="navbar-toggler" type="button" data-bs-toggle="collapse" data-bs-target="#navbarNav">
            <span class="nav" -toggler-icon></span>
        </button>
       
            <ul class="nav">
                <li class="nav-item">
                 <%= link_to, "Home", root_path, class: "nav-link" %> 
                </li>
                <li class="nav-item">
                  <%= link_to, "About", about_path class: "nav-link" %> 
                </li>

            </ul>
        
    </div>
</nav>
):
1:    <nav class="navbar navbar-expand-lg navbar-light bg-light">
2:        <div class="container-fluid">
3:         <%= link_to "Navbar", root_path, class: "navbar-brand" %> 
4:            <a class="navbar-brand" href="/">Navbar</a>
5:            <button class="navbar-toggler" type="button" data-bs-toggle="collapse" data-bs-target="#navbarNav">
6:                <span class="nav" -toggler-icon></span>
7:            </button>
8:           
9:                <ul class="nav">
10:                    <li class="nav-item">
11:                     <%= link_to, "Home", root_path, class: "nav-link" %> 
12:                    </li>
13:                    <li class="nav-item">
14:                      <%= link_to, "About", about_path class: "nav-link" %> 
15:                    </li>
16:    
17:                </ul>
18:            
19:        </div>
20:    </nav>
  
app/views/shared/_navbar.html.erb:11: syntax error, unexpected ',', expecting '.' or &. or :: or '['
app/views/shared/_navbar.html.erb:14: syntax error, unexpected ',', expecting '.' or &. or :: or '['
app/views/shared/_navbar.html.erb:11: syntax error, unexpected ',', expecting '.' or &. or :: or '['
app/views/shared/_navbar.html.erb:14: syntax error, unexpected ',', expecting '.' or &. or :: or '['
app/views/shared/_navbar.html.erb:11: syntax error, unexpected ',', expecting '.' or &. or :: or '['
app/views/shared/_navbar.html.erb:14: syntax error, unexpected ',', expecting '.' or &. or :: or '['
app/views/shared/_navbar.html.erb:11: syntax error, unexpected ',', expecting '.' or &. or :: or '['
app/views/shared/_navbar.html.erb:14: syntax error, unexpected ',', expecting '.' or &. or :: or '['
app/views/shared/_navbar.html.erb:11: syntax error, unexpected ',', expecting '.' or &. or :: or '['
app/views/shared/_navbar.html.erb:14: syntax error, unexpected ',', expecting '.' or &. or :: or '['
app/views/shared/_navbar.html.erb:11: syntax error, unexpected ',', expecting '.' or &. or :: or '['
app/views/shared/_navbar.html.erb:14: syntax error, unexpected ',', expecting '.' or &. or :: or '['
app/views/layouts/application.html.erb:18
Started GET "/" for 127.0.0.1 at 2021-03-25 23:55:26 +0200
Processing by MainController#index as HTML
  Rendering layout layouts/application.html.erb
  Rendering main/index.html.erb within layouts/application
  Rendered main/index.html.erb within layouts/application (Duration: 0.3ms | Allocations: 110)
[Webpacker] Everything's up-to-date. Nothing to do
  Rendered shared/_navbar.html.erb (Duration: 3.8ms | Allocations: 1112)
  Rendered layout layouts/application.html.erb (Duration: 16.4ms | Allocations: 4433)
Completed 500 Internal Server Error in 26ms (Allocations: 5521)


  
ActionView::SyntaxErrorInTemplate (Encountered a syntax error while rendering template: check <nav class="navbar navbar-expand-lg navbar-light bg-light">
    <div class="container-fluid">
        <a class="navbar-brand" href="/">Navbar</a>
        <button class="navbar-toggler" type="button" data-bs-toggle="collapse" data-bs-target="#navbarNav">
            <span class="nav" -toggler-icon></span>
        </button>
       
            <ul class="nav">
                <li class="nav-item">
                
                    <a class="nav-link active" aria-current="page" href="/">Home</a>
                </li>
                <li class="nav-item">

                  <%= link_to, "About", about_path class: "nav-link" %> 
            
                </li>

            </ul>
        
    </div>
</nav>
):
1:    <nav class="navbar navbar-expand-lg navbar-light bg-light">
2:        <div class="container-fluid">
3:            <a class="navbar-brand" href="/">Navbar</a>
4:            <button class="navbar-toggler" type="button" data-bs-toggle="collapse" data-bs-target="#navbarNav">
5:                <span class="nav" -toggler-icon></span>
6:            </button>
7:           
8:                <ul class="nav">
9:                    <li class="nav-item">
10:                    
11:                        <a class="nav-link active" aria-current="page" href="/">Home</a>
12:                    </li>
13:                    <li class="nav-item">
14:    
15:                      <%= link_to, "About", about_path class: "nav-link" %> 
16:                
17:                    </li>
18:    
19:                </ul>
20:            
21:        </div>
22:    </nav>
  
app/views/shared/_navbar.html.erb:15: syntax error, unexpected ',', expecting '.' or &. or :: or '['
app/views/shared/_navbar.html.erb:15: syntax error, unexpected ',', expecting '.' or &. or :: or '['
app/views/shared/_navbar.html.erb:15: syntax error, unexpected ',', expecting '.' or &. or :: or '['
app/views/shared/_navbar.html.erb:15: syntax error, unexpected ',', expecting '.' or &. or :: or '['
app/views/shared/_navbar.html.erb:15: syntax error, unexpected ',', expecting '.' or &. or :: or '['
app/views/shared/_navbar.html.erb:15: syntax error, unexpected ',', expecting '.' or &. or :: or '['
app/views/layouts/application.html.erb:18
Started GET "/" for 127.0.0.1 at 2021-03-25 23:55:58 +0200
Processing by MainController#index as HTML
  Rendering layout layouts/application.html.erb
  Rendering main/index.html.erb within layouts/application
  Rendered main/index.html.erb within layouts/application (Duration: 0.4ms | Allocations: 113)
[Webpacker] Everything's up-to-date. Nothing to do
  Rendered shared/_navbar.html.erb (Duration: 3.2ms | Allocations: 125)
  Rendered layout layouts/application.html.erb (Duration: 22.1ms | Allocations: 3451)
Completed 200 OK in 45ms (Views: 35.5ms | Allocations: 4571)


Started GET "/" for 127.0.0.1 at 2021-03-25 23:59:41 +0200
Processing by MainController#index as HTML
  Rendering layout layouts/application.html.erb
  Rendering main/index.html.erb within layouts/application
  Rendered main/index.html.erb within layouts/application (Duration: 0.4ms | Allocations: 110)
[Webpacker] Everything's up-to-date. Nothing to do
  Rendered shared/_navbar.html.erb (Duration: 3.4ms | Allocations: 235)
  Rendered layout layouts/application.html.erb (Duration: 12.5ms | Allocations: 3550)
Completed 200 OK in 20ms (Views: 19.0ms | Allocations: 4664)


Started GET "/" for 127.0.0.1 at 2021-03-25 23:59:53 +0200
Processing by MainController#index as HTML
  Rendering layout layouts/application.html.erb
  Rendering main/index.html.erb within layouts/application
  Rendered main/index.html.erb within layouts/application (Duration: 0.3ms | Allocations: 110)
[Webpacker] Everything's up-to-date. Nothing to do
  Rendered shared/_navbar.html.erb (Duration: 1.6ms | Allocations: 201)
  Rendered layout layouts/application.html.erb (Duration: 11.7ms | Allocations: 3516)
Completed 200 OK in 19ms (Views: 17.8ms | Allocations: 4630)


Started GET "/" for 127.0.0.1 at 2021-03-26 00:00:00 +0200
Processing by MainController#index as HTML
  Rendering layout layouts/application.html.erb
  Rendering main/index.html.erb within layouts/application
  Rendered main/index.html.erb within layouts/application (Duration: 0.5ms | Allocations: 110)
[Webpacker] Everything's up-to-date. Nothing to do
  Rendered shared/_navbar.html.erb (Duration: 2.5ms | Allocations: 200)
  Rendered layout layouts/application.html.erb (Duration: 22.7ms | Allocations: 3515)
Completed 200 OK in 28ms (Views: 26.5ms | Allocations: 4629)


Started GET "/" for 127.0.0.1 at 2021-03-26 00:03:47 +0200
Processing by MainController#index as HTML
  Rendering layout layouts/application.html.erb
  Rendering main/index.html.erb within layouts/application
  Rendered main/index.html.erb within layouts/application (Duration: 0.4ms | Allocations: 110)
[Webpacker] Everything's up-to-date. Nothing to do
  Rendered shared/_navbar.html.erb (Duration: 4.5ms | Allocations: 1121)
  Rendered layout layouts/application.html.erb (Duration: 15.2ms | Allocations: 4433)
Completed 500 Internal Server Error in 20ms (Allocations: 5511)


  
ActionView::SyntaxErrorInTemplate (Encountered a syntax error while rendering template: check <nav class="navbar navbar-expand-lg navbar-light bg-light">
    <div class="container-fluid">
        <a class="navbar-brand" href="/">Navbar</a>
        <button class="navbar-toggler" type="button" data-bs-toggle="collapse" data-bs-target="#navbarNav">
            <span class="nav" -toggler-icon></span>
        </button>
       
            <ul class="nav">
                <li class="nav-item">
                    <a class="nav-link active" aria-current="page" href="/">Home</a>
                </li>
                <li class="nav-item">
               
                 <% link_to 'About', /about_path, class: 'nav-link' %>
                   
                </li>

            </ul>
        
    </div>
</nav>
):
1:    <nav class="navbar navbar-expand-lg navbar-light bg-light">
2:        <div class="container-fluid">
3:            <a class="navbar-brand" href="/">Navbar</a>
4:            <button class="navbar-toggler" type="button" data-bs-toggle="collapse" data-bs-target="#navbarNav">
5:                <span class="nav" -toggler-icon></span>
6:            </button>
7:           
8:                <ul class="nav">
9:                    <li class="nav-item">
10:                        <a class="nav-link active" aria-current="page" href="/">Home</a>
11:                    </li>
12:                    <li class="nav-item">
13:                   
14:                     <% link_to 'About', /about_path, class: 'nav-link' %>
15:                       
16:                    </li>
17:    
18:                </ul>
19:            
20:        </div>
21:    </nav>
  
app/views/shared/_navbar.html.erb:16: unknown regexp option - l
app/views/shared/_navbar.html.erb:18: syntax error, unexpected '<'
app/views/shared/_navbar.html.erb:20: unknown regexp options - dv
app/views/shared/_navbar.html.erb:21: syntax error, unexpected '<'
app/views/shared/_navbar.html.erb:23: unterminated regexp meets end of file
app/views/shared/_navbar.html.erb:23: syntax error, unexpected end-of-input, expecting `end'
app/views/shared/_navbar.html.erb:16: unknown regexp option - l
app/views/shared/_navbar.html.erb:18: syntax error, unexpected '<'
app/views/shared/_navbar.html.erb:20: unknown regexp options - dv
app/views/shared/_navbar.html.erb:21: syntax error, unexpected '<'
app/views/shared/_navbar.html.erb:23: unterminated regexp meets end of file
app/views/shared/_navbar.html.erb:23: syntax error, unexpected end-of-input, expecting `end'
app/views/shared/_navbar.html.erb:16: unknown regexp option - l
app/views/shared/_navbar.html.erb:18: syntax error, unexpected '<'
app/views/shared/_navbar.html.erb:20: unknown regexp options - dv
app/views/shared/_navbar.html.erb:21: syntax error, unexpected '<'
app/views/shared/_navbar.html.erb:23: unterminated regexp meets end of file
app/views/shared/_navbar.html.erb:23: syntax error, unexpected end-of-input, expecting `end'
app/views/shared/_navbar.html.erb:16: unknown regexp option - l
app/views/shared/_navbar.html.erb:18: syntax error, unexpected '<'
app/views/shared/_navbar.html.erb:20: unknown regexp options - dv
app/views/shared/_navbar.html.erb:21: syntax error, unexpected '<'
app/views/shared/_navbar.html.erb:23: unterminated regexp meets end of file
app/views/shared/_navbar.html.erb:23: syntax error, unexpected end-of-input, expecting `end'
app/views/shared/_navbar.html.erb:16: unknown regexp option - l
app/views/shared/_navbar.html.erb:18: syntax error, unexpected '<'
app/views/shared/_navbar.html.erb:20: unknown regexp options - dv
app/views/shared/_navbar.html.erb:21: syntax error, unexpected '<'
app/views/shared/_navbar.html.erb:23: unterminated regexp meets end of file
app/views/shared/_navbar.html.erb:23: syntax error, unexpected end-of-input, expecting `end'
app/views/shared/_navbar.html.erb:16: unknown regexp option - l
app/views/shared/_navbar.html.erb:18: syntax error, unexpected '<'
app/views/shared/_navbar.html.erb:20: unknown regexp options - dv
app/views/shared/_navbar.html.erb:21: syntax error, unexpected '<'
app/views/shared/_navbar.html.erb:23: unterminated regexp meets end of file
app/views/shared/_navbar.html.erb:23: syntax error, unexpected end-of-input, expecting `end'
app/views/layouts/application.html.erb:18
Started GET "/" for 127.0.0.1 at 2021-03-26 00:09:04 +0200
Processing by MainController#index as HTML
  Rendering layout layouts/application.html.erb
  Rendering main/index.html.erb within layouts/application
  Rendered main/index.html.erb within layouts/application (Duration: 0.4ms | Allocations: 110)
[Webpacker] Everything's up-to-date. Nothing to do
  Rendered shared/_navbar.html.erb (Duration: 0.7ms | Allocations: 200)
  Rendered layout layouts/application.html.erb (Duration: 22.5ms | Allocations: 3523)
Completed 200 OK in 33ms (Views: 32.2ms | Allocations: 4642)


Started GET "/" for 127.0.0.1 at 2021-03-26 00:33:06 +0200
Processing by MainController#index as HTML
  Rendering layout layouts/application.html.erb
  Rendering main/index.html.erb within layouts/application
  Rendered main/index.html.erb within layouts/application (Duration: 0.3ms | Allocations: 110)
[Webpacker] Everything's up-to-date. Nothing to do
  Rendered shared/_navbar.html.erb (Duration: 2.8ms | Allocations: 1108)
  Rendered layout layouts/application.html.erb (Duration: 16.4ms | Allocations: 4420)
Completed 500 Internal Server Error in 22ms (Allocations: 5498)


  
ActionView::SyntaxErrorInTemplate (Encountered a syntax error while rendering template: check <nav class="navbar navbar-expand-lg navbar-light bg-light">
    <div class="container-fluid">
        <a class="navbar-brand" href="/">Navbar</a>
        <button class="navbar-toggler" type="button" data-bs-toggle="collapse" data-bs-target="#navbarNav">
            <span class="nav" -toggler-icon></span>
        </button>
       
            <ul class="nav">
                <li class="nav-item">
                    <a class="nav-link active" aria-current="page" href="/">Home</a>
                </li>
                <li class="nav-item">
               
                 <% link_to, 'About', about_path, class: 'nav-link' %>
                   
                </li>

            </ul>
        
    </div>
</nav>
):
1:    <nav class="navbar navbar-expand-lg navbar-light bg-light">
2:        <div class="container-fluid">
3:            <a class="navbar-brand" href="/">Navbar</a>
4:            <button class="navbar-toggler" type="button" data-bs-toggle="collapse" data-bs-target="#navbarNav">
5:                <span class="nav" -toggler-icon></span>
6:            </button>
7:           
8:                <ul class="nav">
9:                    <li class="nav-item">
10:                        <a class="nav-link active" aria-current="page" href="/">Home</a>
11:                    </li>
12:                    <li class="nav-item">
13:                   
14:                     <% link_to, 'About', about_path, class: 'nav-link' %>
15:                       
16:                    </li>
17:    
18:                </ul>
19:            
20:        </div>
21:    </nav>
  
app/views/shared/_navbar.html.erb:14: syntax error, unexpected ',', expecting '.' or &. or :: or '['
app/views/shared/_navbar.html.erb:14: syntax error, unexpected ',', expecting '.' or &. or :: or '['
app/views/shared/_navbar.html.erb:14: syntax error, unexpected ',', expecting '.' or &. or :: or '['
app/views/shared/_navbar.html.erb:14: syntax error, unexpected ',', expecting '.' or &. or :: or '['
app/views/shared/_navbar.html.erb:14: syntax error, unexpected ',', expecting '.' or &. or :: or '['
app/views/shared/_navbar.html.erb:14: syntax error, unexpected ',', expecting '.' or &. or :: or '['
app/views/layouts/application.html.erb:18
Started GET "/" for 127.0.0.1 at 2021-03-26 00:34:12 +0200
Processing by MainController#index as HTML
  Rendering layout layouts/application.html.erb
  Rendering main/index.html.erb within layouts/application
  Rendered main/index.html.erb within layouts/application (Duration: 0.4ms | Allocations: 110)
[Webpacker] Everything's up-to-date. Nothing to do
  Rendered shared/_navbar.html.erb (Duration: 2.6ms | Allocations: 200)
  Rendered layout layouts/application.html.erb (Duration: 12.4ms | Allocations: 3523)
Completed 200 OK in 21ms (Views: 19.6ms | Allocations: 4642)


Started GET "/" for 127.0.0.1 at 2021-03-26 00:37:38 +0200
Processing by MainController#index as HTML
  Rendering layout layouts/application.html.erb
  Rendering main/index.html.erb within layouts/application
  Rendered main/index.html.erb within layouts/application (Duration: 0.5ms | Allocations: 110)
[Webpacker] Everything's up-to-date. Nothing to do
  Rendered shared/_navbar.html.erb (Duration: 2.5ms | Allocations: 204)
  Rendered layout layouts/application.html.erb (Duration: 14.3ms | Allocations: 3519)
Completed 200 OK in 22ms (Views: 20.6ms | Allocations: 4633)


Started GET "/" for 127.0.0.1 at 2021-03-26 00:37:48 +0200
Processing by MainController#index as HTML
  Rendering layout layouts/application.html.erb
  Rendering main/index.html.erb within layouts/application
  Rendered main/index.html.erb within layouts/application (Duration: 0.4ms | Allocations: 110)
[Webpacker] Everything's up-to-date. Nothing to do
  Rendered shared/_navbar.html.erb (Duration: 2.6ms | Allocations: 200)
  Rendered layout layouts/application.html.erb (Duration: 13.2ms | Allocations: 3515)
Completed 200 OK in 22ms (Views: 19.0ms | Allocations: 4632)


Started GET "/" for 127.0.0.1 at 2021-03-26 00:37:49 +0200
Processing by MainController#index as HTML
  Rendering layout layouts/application.html.erb
  Rendering main/index.html.erb within layouts/application
  Rendered main/index.html.erb within layouts/application (Duration: 0.1ms | Allocations: 38)
[Webpacker] Everything's up-to-date. Nothing to do
  Rendered shared/_navbar.html.erb (Duration: 0.2ms | Allocations: 75)
  Rendered layout layouts/application.html.erb (Duration: 11.8ms | Allocations: 2924)
Completed 200 OK in 15ms (Views: 14.4ms | Allocations: 3366)


Started GET "/about-us" for 127.0.0.1 at 2021-03-26 00:37:51 +0200
  
ActionController::RoutingError (No route matches [GET] "/about-us"):
  
Started GET "/" for 127.0.0.1 at 2021-03-26 00:37:55 +0200
Processing by MainController#index as HTML
  Rendering layout layouts/application.html.erb
  Rendering main/index.html.erb within layouts/application
  Rendered main/index.html.erb within layouts/application (Duration: 0.1ms | Allocations: 38)
[Webpacker] Everything's up-to-date. Nothing to do
  Rendered shared/_navbar.html.erb (Duration: 0.6ms | Allocations: 75)
  Rendered layout layouts/application.html.erb (Duration: 25.3ms | Allocations: 2931)
Completed 200 OK in 33ms (Views: 32.3ms | Allocations: 3369)


Started GET "/about-us" for 127.0.0.1 at 2021-03-26 00:38:32 +0200
  
ActionController::RoutingError (No route matches [GET] "/about-us"):
  
Started GET "/about-us" for 127.0.0.1 at 2021-03-26 00:39:05 +0200
  
ActionController::RoutingError (No route matches [GET] "/about-us"):
  
Started GET "/about" for 127.0.0.1 at 2021-03-26 00:40:24 +0200
  [1m[35m (0.7ms)[0m  [1m[34mSELECT sqlite_version(*)[0m
Processing by AboutController#index as HTML
  Rendering layout layouts/application.html.erb
  Rendering about/index.html.erb within layouts/application
  Rendered about/index.html.erb within layouts/application (Duration: 1.0ms | Allocations: 289)
[Webpacker] Everything's up-to-date. Nothing to do
  Rendered shared/_navbar.html.erb (Duration: 7.2ms | Allocations: 310)
  Rendered layout layouts/application.html.erb (Duration: 28.0ms | Allocations: 5755)
Completed 200 OK in 54ms (Views: 35.2ms | ActiveRecord: 0.0ms | Allocations: 8896)


Started GET "/about" for 127.0.0.1 at 2021-03-26 00:40:44 +0200
Processing by AboutController#index as HTML
  Rendering layout layouts/application.html.erb
  Rendering about/index.html.erb within layouts/application
  Rendered about/index.html.erb within layouts/application (Duration: 0.4ms | Allocations: 105)
[Webpacker] Everything's up-to-date. Nothing to do
  Rendered shared/_navbar.html.erb (Duration: 2.9ms | Allocations: 248)
  Rendered layout layouts/application.html.erb (Duration: 15.9ms | Allocations: 3569)
Completed 200 OK in 23ms (Views: 20.0ms | ActiveRecord: 0.0ms | Allocations: 4781)


Started GET "/" for 127.0.0.1 at 2021-03-26 00:40:47 +0200
Processing by MainController#index as HTML
  Rendering layout layouts/application.html.erb
  Rendering main/index.html.erb within layouts/application
  Rendered main/index.html.erb within layouts/application (Duration: 0.4ms | Allocations: 111)
[Webpacker] Everything's up-to-date. Nothing to do
  Rendered shared/_navbar.html.erb (Duration: 0.3ms | Allocations: 117)
  Rendered layout layouts/application.html.erb (Duration: 23.9ms | Allocations: 3070)
Completed 200 OK in 29ms (Views: 28.1ms | ActiveRecord: 0.0ms | Allocations: 4049)


Started GET "/" for 127.0.0.1 at 2021-03-26 00:40:49 +0200
Processing by MainController#index as HTML
  Rendering layout layouts/application.html.erb
  Rendering main/index.html.erb within layouts/application
  Rendered main/index.html.erb within layouts/application (Duration: 0.2ms | Allocations: 38)
[Webpacker] Everything's up-to-date. Nothing to do
  Rendered shared/_navbar.html.erb (Duration: 0.3ms | Allocations: 98)
  Rendered layout layouts/application.html.erb (Duration: 11.3ms | Allocations: 2955)
Completed 200 OK in 15ms (Views: 14.6ms | ActiveRecord: 0.0ms | Allocations: 3402)


Started GET "/" for 127.0.0.1 at 2021-03-26 00:41:02 +0200
Processing by MainController#index as HTML
  Rendering layout layouts/application.html.erb
  Rendering main/index.html.erb within layouts/application
  Rendered main/index.html.erb within layouts/application (Duration: 0.4ms | Allocations: 115)
[Webpacker] Everything's up-to-date. Nothing to do
  Rendered shared/_navbar.html.erb (Duration: 0.9ms | Allocations: 248)
  Rendered layout layouts/application.html.erb (Duration: 15.7ms | Allocations: 3570)
Completed 200 OK in 20ms (Views: 19.1ms | ActiveRecord: 0.0ms | Allocations: 4696)


Started GET "/about" for 127.0.0.1 at 2021-03-26 00:41:04 +0200
Processing by AboutController#index as HTML
  Rendering layout layouts/application.html.erb
  Rendering about/index.html.erb within layouts/application
  Rendered about/index.html.erb within layouts/application (Duration: 0.4ms | Allocations: 104)
[Webpacker] Everything's up-to-date. Nothing to do
  Rendered shared/_navbar.html.erb (Duration: 0.3ms | Allocations: 116)
  Rendered layout layouts/application.html.erb (Duration: 11.9ms | Allocations: 3118)
Completed 200 OK in 19ms (Views: 18.3ms | ActiveRecord: 0.0ms | Allocations: 4106)


Started GET "/" for 127.0.0.1 at 2021-03-26 00:41:28 +0200
Processing by MainController#index as HTML
  Rendering layout layouts/application.html.erb
  Rendering main/index.html.erb within layouts/application
  Rendered main/index.html.erb within layouts/application (Duration: 0.7ms | Allocations: 110)
[Webpacker] Everything's up-to-date. Nothing to do
  Rendered shared/_navbar.html.erb (Duration: 5.0ms | Allocations: 248)
  Rendered layout layouts/application.html.erb (Duration: 20.9ms | Allocations: 3564)
Completed 200 OK in 27ms (Views: 26.5ms | ActiveRecord: 0.0ms | Allocations: 4682)


Started GET "/" for 127.0.0.1 at 2021-03-26 00:41:36 +0200
Processing by MainController#index as HTML
  Rendering layout layouts/application.html.erb
  Rendering main/index.html.erb within layouts/application
  Rendered main/index.html.erb within layouts/application (Duration: 0.5ms | Allocations: 110)
[Webpacker] Everything's up-to-date. Nothing to do
  Rendered shared/_navbar.html.erb (Duration: 2.9ms | Allocations: 247)
  Rendered layout layouts/application.html.erb (Duration: 12.7ms | Allocations: 3562)
Completed 200 OK in 21ms (Views: 19.2ms | ActiveRecord: 0.0ms | Allocations: 4683)


Started GET "/" for 127.0.0.1 at 2021-03-26 00:43:28 +0200
Processing by MainController#index as HTML
  Rendering layout layouts/application.html.erb
  Rendering main/index.html.erb within layouts/application
  Rendered main/index.html.erb within layouts/application (Duration: 0.1ms | Allocations: 38)
[Webpacker] Everything's up-to-date. Nothing to do
  Rendered shared/_navbar.html.erb (Duration: 0.2ms | Allocations: 98)
  Rendered layout layouts/application.html.erb (Duration: 13.5ms | Allocations: 2947)
Completed 200 OK in 17ms (Views: 16.7ms | ActiveRecord: 0.0ms | Allocations: 3392)


Started GET "/" for 127.0.0.1 at 2021-03-26 00:46:02 +0200
Processing by MainController#index as HTML
  Rendering layout layouts/application.html.erb
  Rendering main/index.html.erb within layouts/application
  Rendered main/index.html.erb within layouts/application (Duration: 0.6ms | Allocations: 110)
[Webpacker] Everything's up-to-date. Nothing to do
  Rendered shared/_navbar.html.erb (Duration: 2.8ms | Allocations: 249)
  Rendered layout layouts/application.html.erb (Duration: 14.6ms | Allocations: 3526)
Completed 200 OK in 23ms (Views: 20.0ms | Allocations: 4670)


Started GET "/" for 127.0.0.1 at 2021-03-26 00:46:19 +0200
Processing by MainController#index as HTML
  Rendering layout layouts/application.html.erb
  Rendering main/index.html.erb within layouts/application
  Rendered main/index.html.erb within layouts/application (Duration: 0.4ms | Allocations: 110)
[Webpacker] Everything's up-to-date. Nothing to do
  Rendered shared/_navbar.html.erb (Duration: 2.5ms | Allocations: 248)
  Rendered layout layouts/application.html.erb (Duration: 11.8ms | Allocations: 3563)
Completed 200 OK in 18ms (Views: 17.2ms | Allocations: 4677)


Started GET "/" for 127.0.0.1 at 2021-03-26 00:46:23 +0200
Processing by MainController#index as HTML
  Rendering layout layouts/application.html.erb
  Rendering main/index.html.erb within layouts/application
  Rendered main/index.html.erb within layouts/application (Duration: 0.1ms | Allocations: 38)
[Webpacker] Everything's up-to-date. Nothing to do
  Rendered shared/_navbar.html.erb (Duration: 0.2ms | Allocations: 98)
  Rendered layout layouts/application.html.erb (Duration: 11.5ms | Allocations: 2947)
Completed 200 OK in 14ms (Views: 13.7ms | Allocations: 3389)


Started GET "/" for 127.0.0.1 at 2021-03-26 00:46:24 +0200
Processing by MainController#index as HTML
  Rendering layout layouts/application.html.erb
  Rendering main/index.html.erb within layouts/application
  Rendered main/index.html.erb within layouts/application (Duration: 0.1ms | Allocations: 38)
[Webpacker] Everything's up-to-date. Nothing to do
  Rendered shared/_navbar.html.erb (Duration: 0.2ms | Allocations: 98)
  Rendered layout layouts/application.html.erb (Duration: 9.8ms | Allocations: 2947)
Completed 200 OK in 12ms (Views: 11.6ms | Allocations: 3388)


Started GET "/" for 127.0.0.1 at 2021-03-26 00:46:24 +0200
Processing by MainController#index as HTML
  Rendering layout layouts/application.html.erb
  Rendering main/index.html.erb within layouts/application
  Rendered main/index.html.erb within layouts/application (Duration: 0.1ms | Allocations: 38)
[Webpacker] Everything's up-to-date. Nothing to do
  Rendered shared/_navbar.html.erb (Duration: 0.2ms | Allocations: 98)
  Rendered layout layouts/application.html.erb (Duration: 16.5ms | Allocations: 2947)
Completed 200 OK in 19ms (Views: 18.9ms | Allocations: 3388)


Started GET "/" for 127.0.0.1 at 2021-03-26 00:46:25 +0200
Processing by MainController#index as HTML
  Rendering layout layouts/application.html.erb
  Rendering main/index.html.erb within layouts/application
  Rendered main/index.html.erb within layouts/application (Duration: 0.1ms | Allocations: 38)
[Webpacker] Everything's up-to-date. Nothing to do
  Rendered shared/_navbar.html.erb (Duration: 0.2ms | Allocations: 98)
  Rendered layout layouts/application.html.erb (Duration: 21.8ms | Allocations: 2947)
Completed 200 OK in 26ms (Views: 25.4ms | Allocations: 3388)


Started GET "/" for 127.0.0.1 at 2021-03-26 00:46:33 +0200
Processing by MainController#index as HTML
  Rendering layout layouts/application.html.erb
  Rendering main/index.html.erb within layouts/application
  Rendered main/index.html.erb within layouts/application (Duration: 0.4ms | Allocations: 110)
[Webpacker] Everything's up-to-date. Nothing to do
  Rendered shared/_navbar.html.erb (Duration: 2.9ms | Allocations: 247)
  Rendered layout layouts/application.html.erb (Duration: 12.3ms | Allocations: 3562)
Completed 200 OK in 18ms (Views: 17.1ms | Allocations: 4676)


Started GET "/" for 127.0.0.1 at 2021-03-26 00:59:19 +0200
Processing by MainController#index as HTML
  Rendering layout layouts/application.html.erb
  Rendering main/index.html.erb within layouts/application
  Rendered main/index.html.erb within layouts/application (Duration: 0.4ms | Allocations: 110)
[Webpacker] Everything's up-to-date. Nothing to do
  Rendered shared/_navbar.html.erb (Duration: 52.0ms | Allocations: 6605)
  Rendered layout layouts/application.html.erb (Duration: 77.5ms | Allocations: 9925)
Completed 500 Internal Server Error in 83ms (Allocations: 11019)


  
ActionView::Template::Error (undefined local variable or method `about_path' for #<ActionView::Base:0x00000000008f20>
Did you mean?  about_us_path):
    1: <nav class="navbar navbar-expand-lg navbar-light bg-light">
    2:     <div class="container-fluid">
    3: 
    4:          <% link_to 'Navbar', about_path, class: 'nav-link' %>
    5:         <a class="navbar-brand" href="/">Navbar</a>
    6:         <button class="navbar-toggler" type="button" data-bs-toggle="collapse" data-bs-target="#navbarNav">
    7:             <span class="nav" -toggler-icon></span>
  
app/views/shared/_navbar.html.erb:4
app/views/layouts/application.html.erb:18
Started GET "/" for 127.0.0.1 at 2021-03-26 00:59:58 +0200
Processing by MainController#index as HTML
  Rendering layout layouts/application.html.erb
  Rendering main/index.html.erb within layouts/application
  Rendered main/index.html.erb within layouts/application (Duration: 0.4ms | Allocations: 110)
[Webpacker] Everything's up-to-date. Nothing to do
  Rendered shared/_navbar.html.erb (Duration: 44.4ms | Allocations: 4158)
  Rendered layout layouts/application.html.erb (Duration: 59.8ms | Allocations: 7479)
Completed 500 Internal Server Error in 66ms (Allocations: 8561)


  
ActionView::Template::Error (undefined local variable or method `about_path' for #<ActionView::Base:0x000000000093d0>
Did you mean?  about_us_path):
    1: <nav class="navbar navbar-expand-lg navbar-light bg-light">
    2:     <div class="container-fluid">
    3: 
    4:          <% link_to 'Navbar', about_path, class: 'nav-brand' %>
    5:         <a class="navbar-brand" href="/">Navbar</a>
    6:         <button class="navbar-toggler" type="button" data-bs-toggle="collapse" data-bs-target="#navbarNav">
    7:             <span class="nav" -toggler-icon></span>
  
app/views/shared/_navbar.html.erb:4
app/views/layouts/application.html.erb:18
Started GET "/" for 127.0.0.1 at 2021-03-26 01:01:20 +0200
Processing by MainController#index as HTML
  Rendering layout layouts/application.html.erb
  Rendering main/index.html.erb within layouts/application
  Rendered main/index.html.erb within layouts/application (Duration: 0.3ms | Allocations: 110)
[Webpacker] Everything's up-to-date. Nothing to do
  Rendered shared/_navbar.html.erb (Duration: 1.3ms | Allocations: 128)
  Rendered layout layouts/application.html.erb (Duration: 22.1ms | Allocations: 3451)
Completed 200 OK in 30ms (Views: 29.1ms | Allocations: 4573)


Started GET "/" for 127.0.0.1 at 2021-03-26 01:03:16 +0200
Processing by MainController#index as HTML
  Rendering layout layouts/application.html.erb
  Rendering main/index.html.erb within layouts/application
  Rendered main/index.html.erb within layouts/application (Duration: 0.4ms | Allocations: 110)
[Webpacker] Everything's up-to-date. Nothing to do
  Rendered shared/_navbar.html.erb (Duration: 0.7ms | Allocations: 204)
  Rendered layout layouts/application.html.erb (Duration: 19.6ms | Allocations: 3519)
Completed 200 OK in 35ms (Views: 33.8ms | Allocations: 4633)


Started GET "/" for 127.0.0.1 at 2021-03-26 01:03:42 +0200
Processing by MainController#index as HTML
  Rendering layout layouts/application.html.erb
  Rendering main/index.html.erb within layouts/application
  Rendered main/index.html.erb within layouts/application (Duration: 0.4ms | Allocations: 110)
[Webpacker] Everything's up-to-date. Nothing to do
  Rendered shared/_navbar.html.erb (Duration: 1.8ms | Allocations: 203)
  Rendered layout layouts/application.html.erb (Duration: 13.3ms | Allocations: 3518)
Completed 200 OK in 21ms (Views: 19.7ms | Allocations: 4632)


Started GET "/about-us" for 127.0.0.1 at 2021-03-26 01:03:43 +0200
Processing by AboutController#index as HTML
  Rendering layout layouts/application.html.erb
  Rendering about/index.html.erb within layouts/application
  Rendered about/index.html.erb within layouts/application (Duration: 0.4ms | Allocations: 104)
[Webpacker] Everything's up-to-date. Nothing to do
  Rendered shared/_navbar.html.erb (Duration: 0.2ms | Allocations: 93)
  Rendered layout layouts/application.html.erb (Duration: 12.9ms | Allocations: 3049)
Completed 200 OK in 16ms (Views: 14.8ms | Allocations: 4049)


Started GET "/" for 127.0.0.1 at 2021-03-26 01:04:43 +0200
Processing by MainController#index as HTML
  Rendering layout layouts/application.html.erb
  Rendering main/index.html.erb within layouts/application
  Rendered main/index.html.erb within layouts/application (Duration: 0.5ms | Allocations: 110)
[Webpacker] Everything's up-to-date. Nothing to do
  Rendered shared/_navbar.html.erb (Duration: 5.5ms | Allocations: 251)
  Rendered layout layouts/application.html.erb (Duration: 23.8ms | Allocations: 3567)
Completed 200 OK in 32ms (Views: 30.7ms | Allocations: 4684)


Started GET "/" for 127.0.0.1 at 2021-03-26 01:04:44 +0200
Processing by MainController#index as HTML
  Rendering layout layouts/application.html.erb
  Rendering main/index.html.erb within layouts/application
  Rendered main/index.html.erb within layouts/application (Duration: 0.1ms | Allocations: 38)
[Webpacker] Everything's up-to-date. Nothing to do
  Rendered shared/_navbar.html.erb (Duration: 0.2ms | Allocations: 100)
  Rendered layout layouts/application.html.erb (Duration: 15.6ms | Allocations: 2949)
Completed 200 OK in 19ms (Views: 17.9ms | Allocations: 3391)


Started GET "/" for 127.0.0.1 at 2021-03-26 01:04:45 +0200
Processing by MainController#index as HTML
  Rendering layout layouts/application.html.erb
  Rendering main/index.html.erb within layouts/application
  Rendered main/index.html.erb within layouts/application (Duration: 0.2ms | Allocations: 38)
[Webpacker] Everything's up-to-date. Nothing to do
  Rendered shared/_navbar.html.erb (Duration: 0.2ms | Allocations: 100)
  Rendered layout layouts/application.html.erb (Duration: 11.8ms | Allocations: 2949)
Completed 200 OK in 24ms (Views: 17.0ms | Allocations: 3390)


Started GET "/" for 127.0.0.1 at 2021-03-26 01:06:14 +0200
Processing by MainController#index as HTML
  Rendering layout layouts/application.html.erb
  Rendering main/index.html.erb within layouts/application
  Rendered main/index.html.erb within layouts/application (Duration: 0.8ms | Allocations: 110)
[Webpacker] Everything's up-to-date. Nothing to do
  Rendered shared/_navbar.html.erb (Duration: 1.9ms | Allocations: 250)
  Rendered layout layouts/application.html.erb (Duration: 15.4ms | Allocations: 3565)
Completed 200 OK in 24ms (Views: 22.6ms | Allocations: 4678)


Started GET "/" for 127.0.0.1 at 2021-03-26 01:08:24 +0200
Processing by MainController#index as HTML
  Rendering layout layouts/application.html.erb
  Rendering main/index.html.erb within layouts/application
  Rendered main/index.html.erb within layouts/application (Duration: 0.5ms | Allocations: 110)
[Webpacker] Everything's up-to-date. Nothing to do
  Rendered shared/_navbar.html.erb (Duration: 3.5ms | Allocations: 202)
  Rendered layout layouts/application.html.erb (Duration: 17.1ms | Allocations: 3517)
Completed 200 OK in 25ms (Views: 24.3ms | Allocations: 4631)


Started GET "/" for 127.0.0.1 at 2021-03-26 01:08:33 +0200
Processing by MainController#index as HTML
  Rendering layout layouts/application.html.erb
  Rendering main/index.html.erb within layouts/application
  Rendered main/index.html.erb within layouts/application (Duration: 0.7ms | Allocations: 110)
[Webpacker] Everything's up-to-date. Nothing to do
  Rendered shared/_navbar.html.erb (Duration: 2.6ms | Allocations: 201)
  Rendered layout layouts/application.html.erb (Duration: 20.2ms | Allocations: 3516)
Completed 200 OK in 30ms (Views: 28.8ms | Allocations: 4630)


Started GET "/" for 127.0.0.1 at 2021-03-26 01:08:47 +0200
Processing by MainController#index as HTML
  Rendering layout layouts/application.html.erb
  Rendering main/index.html.erb within layouts/application
  Rendered main/index.html.erb within layouts/application (Duration: 0.4ms | Allocations: 110)
[Webpacker] Everything's up-to-date. Nothing to do
  Rendered shared/_navbar.html.erb (Duration: 1.5ms | Allocations: 249)
  Rendered layout layouts/application.html.erb (Duration: 15.5ms | Allocations: 3564)
Completed 200 OK in 22ms (Views: 20.5ms | Allocations: 4678)


Started GET "/" for 127.0.0.1 at 2021-03-26 01:09:52 +0200
Processing by MainController#index as HTML
  Rendering layout layouts/application.html.erb
  Rendering main/index.html.erb within layouts/application
  Rendered main/index.html.erb within layouts/application (Duration: 3.4ms | Allocations: 111)
[Webpacker] Everything's up-to-date. Nothing to do
  Rendered shared/_navbar.html.erb (Duration: 1.7ms | Allocations: 249)
  Rendered layout layouts/application.html.erb (Duration: 23.5ms | Allocations: 3576)
Completed 200 OK in 29ms (Views: 27.2ms | Allocations: 4691)


Started GET "/" for 127.0.0.1 at 2021-03-26 01:10:31 +0200
Processing by MainController#index as HTML
  Rendering layout layouts/application.html.erb
  Rendering main/index.html.erb within layouts/application
  Rendered main/index.html.erb within layouts/application (Duration: 0.4ms | Allocations: 110)
[Webpacker] Everything's up-to-date. Nothing to do
  Rendered shared/_navbar.html.erb (Duration: 1.5ms | Allocations: 248)
  Rendered layout layouts/application.html.erb (Duration: 14.2ms | Allocations: 3571)
Completed 200 OK in 23ms (Views: 19.6ms | Allocations: 4690)


Started GET "/" for 127.0.0.1 at 2021-03-26 01:11:39 +0200
Processing by MainController#index as HTML
  Rendering layout layouts/application.html.erb
  Rendering main/index.html.erb within layouts/application
  Rendered main/index.html.erb within layouts/application (Duration: 0.4ms | Allocations: 110)
[Webpacker] Everything's up-to-date. Nothing to do
  Rendered shared/_navbar.html.erb (Duration: 2.1ms | Allocations: 292)
  Rendered layout layouts/application.html.erb (Duration: 16.3ms | Allocations: 3607)
Completed 200 OK in 24ms (Views: 22.9ms | Allocations: 4723)


Started GET "/" for 127.0.0.1 at 2021-03-26 01:11:43 +0200
Processing by MainController#index as HTML
  Rendering layout layouts/application.html.erb
  Rendering main/index.html.erb within layouts/application
  Rendered main/index.html.erb within layouts/application (Duration: 0.1ms | Allocations: 38)
[Webpacker] Everything's up-to-date. Nothing to do
  Rendered shared/_navbar.html.erb (Duration: 0.3ms | Allocations: 119)
  Rendered layout layouts/application.html.erb (Duration: 26.9ms | Allocations: 2968)
Completed 200 OK in 42ms (Views: 41.2ms | Allocations: 3410)


Started GET "/" for 127.0.0.1 at 2021-03-26 01:11:45 +0200
Processing by MainController#index as HTML
  Rendering layout layouts/application.html.erb
  Rendering main/index.html.erb within layouts/application
  Rendered main/index.html.erb within layouts/application (Duration: 0.1ms | Allocations: 38)
[Webpacker] Everything's up-to-date. Nothing to do
  Rendered shared/_navbar.html.erb (Duration: 0.3ms | Allocations: 119)
  Rendered layout layouts/application.html.erb (Duration: 10.5ms | Allocations: 2968)
Completed 200 OK in 14ms (Views: 13.4ms | Allocations: 3409)


Started GET "/" for 127.0.0.1 at 2021-03-26 01:11:46 +0200
Processing by MainController#index as HTML
  Rendering layout layouts/application.html.erb
  Rendering main/index.html.erb within layouts/application
  Rendered main/index.html.erb within layouts/application (Duration: 0.1ms | Allocations: 38)
[Webpacker] Everything's up-to-date. Nothing to do
  Rendered shared/_navbar.html.erb (Duration: 0.3ms | Allocations: 119)
  Rendered layout layouts/application.html.erb (Duration: 19.5ms | Allocations: 2968)
Completed 200 OK in 22ms (Views: 21.6ms | Allocations: 3409)


Started GET "/" for 127.0.0.1 at 2021-03-26 01:11:48 +0200
Processing by MainController#index as HTML
  Rendering layout layouts/application.html.erb
  Rendering main/index.html.erb within layouts/application
  Rendered main/index.html.erb within layouts/application (Duration: 0.1ms | Allocations: 38)
[Webpacker] Everything's up-to-date. Nothing to do
  Rendered shared/_navbar.html.erb (Duration: 0.3ms | Allocations: 119)
  Rendered layout layouts/application.html.erb (Duration: 8.8ms | Allocations: 2968)
Completed 200 OK in 12ms (Views: 11.6ms | Allocations: 3409)


Started GET "/about-us" for 127.0.0.1 at 2021-03-26 01:11:49 +0200
Processing by AboutController#index as HTML
  Rendering layout layouts/application.html.erb
  Rendering about/index.html.erb within layouts/application
  Rendered about/index.html.erb within layouts/application (Duration: 0.4ms | Allocations: 104)
[Webpacker] Everything's up-to-date. Nothing to do
  Rendered shared/_navbar.html.erb (Duration: 0.3ms | Allocations: 138)
  Rendered layout layouts/application.html.erb (Duration: 12.8ms | Allocations: 3132)
Completed 200 OK in 19ms (Views: 16.2ms | Allocations: 4108)


Started GET "/" for 127.0.0.1 at 2021-03-26 01:11:52 +0200
Processing by MainController#index as HTML
  Rendering layout layouts/application.html.erb
  Rendering main/index.html.erb within layouts/application
  Rendered main/index.html.erb within layouts/application (Duration: 0.1ms | Allocations: 38)
[Webpacker] Everything's up-to-date. Nothing to do
  Rendered shared/_navbar.html.erb (Duration: 0.3ms | Allocations: 119)
  Rendered layout layouts/application.html.erb (Duration: 10.5ms | Allocations: 2968)
Completed 200 OK in 16ms (Views: 15.6ms | Allocations: 3410)


